The system is: Windows - 10.0.18362 - AMD64
Compiling the C compiler identification source file "CMakeCCompilerId.c" succeeded.
Compiler: C:/Program Files (x86)/Microsoft Visual Studio/2017/Community/VC/Tools/MSVC/14.15.26726/bin/Hostx86/x86/cl.exe 
Build flags: 
Id flags:  

The output was:
0
用于 x86 的 Microsoft (R) C/C++ 优化编译器 19.15.26729 版
版权所有(C) Microsoft Corporation。保留所有权利。

CMakeCCompilerId.c
Microsoft (R) Incremental Linker Version 14.15.26729.0
Copyright (C) Microsoft Corporation.  All rights reserved.

/out:CMakeCCompilerId.exe 
CMakeCCompilerId.obj 


Compilation of the C compiler identification source "CMakeCCompilerId.c" produced "CMakeCCompilerId.exe"

Compilation of the C compiler identification source "CMakeCCompilerId.c" produced "CMakeCCompilerId.obj"

The C compiler identification is MSVC, found in "E:/GitHub/tpl3c/cmake-build-debug/CMakeFiles/3.15.3/CompilerIdC/CMakeCCompilerId.exe"

Determining if the C compiler works passed with the following output:
Change Dir: E:/GitHub/tpl3c/cmake-build-debug/CMakeFiles/CMakeTmp

Run Build Command(s):nmake /nologo cmTC_32efa\fast && 	"C:\Program Files (x86)\Microsoft Visual Studio\2017\Community\VC\Tools\MSVC\14.15.26726\bin\HostX86\x86\nmake.exe" -f CMakeFiles\cmTC_32efa.dir\build.make /nologo -L                  CMakeFiles\cmTC_32efa.dir\build
Building C object CMakeFiles/cmTC_32efa.dir/testCCompiler.c.obj
	C:\PROGRA~2\MICROS~2\2017\COMMUN~1\VC\Tools\MSVC\1415~1.267\bin\Hostx86\x86\cl.exe @C:\Users\zbh\AppData\Local\Temp\nmBBFF.tmp
testCCompiler.c
Linking C executable cmTC_32efa.exe
	"C:\Program Files\JetBrains\CLion 2018.3.1\bin\cmake\win\bin\cmake.exe" -E vs_link_exe --intdir=CMakeFiles\cmTC_32efa.dir --rc=C:\PROGRA~2\WI3CF2~1\10\bin\100171~1.0\x86\rc.exe --mt=C:\PROGRA~2\WI3CF2~1\10\bin\100171~1.0\x86\mt.exe --manifests  -- C:\PROGRA~2\MICROS~2\2017\COMMUN~1\VC\Tools\MSVC\1415~1.267\bin\Hostx86\x86\link.exe /nologo @CMakeFiles\cmTC_32efa.dir\objects1.rsp @C:\Users\zbh\AppData\Local\Temp\nmBD87.tmp



Detecting C compiler ABI info compiled with the following output:
Change Dir: E:/GitHub/tpl3c/cmake-build-debug/CMakeFiles/CMakeTmp

Run Build Command(s):nmake /nologo cmTC_def84\fast && 	"C:\Program Files (x86)\Microsoft Visual Studio\2017\Community\VC\Tools\MSVC\14.15.26726\bin\HostX86\x86\nmake.exe" -f CMakeFiles\cmTC_def84.dir\build.make /nologo -L                  CMakeFiles\cmTC_def84.dir\build
Building C object CMakeFiles/cmTC_def84.dir/CMakeCCompilerABI.c.obj
	C:\PROGRA~2\MICROS~2\2017\COMMUN~1\VC\Tools\MSVC\1415~1.267\bin\Hostx86\x86\cl.exe @C:\Users\zbh\AppData\Local\Temp\nmC1AC.tmp
CMakeCCompilerABI.c
Linking C executable cmTC_def84.exe
	"C:\Program Files\JetBrains\CLion 2018.3.1\bin\cmake\win\bin\cmake.exe" -E vs_link_exe --intdir=CMakeFiles\cmTC_def84.dir --rc=C:\PROGRA~2\WI3CF2~1\10\bin\100171~1.0\x86\rc.exe --mt=C:\PROGRA~2\WI3CF2~1\10\bin\100171~1.0\x86\mt.exe --manifests  -- C:\PROGRA~2\MICROS~2\2017\COMMUN~1\VC\Tools\MSVC\1415~1.267\bin\Hostx86\x86\link.exe /nologo @CMakeFiles\cmTC_def84.dir\objects1.rsp @C:\Users\zbh\AppData\Local\Temp\nmC21B.tmp



